2025-02-11 06:13:04,047 - INFO - Starting data processing...
2025-02-11 06:13:04,047 - INFO - Displaying dataset shapes...
2025-02-11 06:13:04,058 - INFO - Fraud Data Shape: (151112, 201)
2025-02-11 06:13:04,058 - INFO - Credit Card Data Shape: (284807, 31)
2025-02-11 06:13:04,058 - INFO - IP to Country Data Shape: (138846, 3)
2025-02-11 06:13:04,058 - INFO - Displaying dataset info...
2025-02-11 06:13:04,106 - INFO - Fraud Data Info:
2025-02-11 06:13:04,106 - INFO - None
2025-02-11 06:13:04,106 - INFO - Credit Card Data Info:
2025-02-11 06:13:04,138 - INFO - None
2025-02-11 06:13:04,138 - INFO - IP to Country Data Info:
2025-02-11 06:13:04,138 - INFO - None
2025-02-11 06:13:04,138 - INFO - Checking for missing values...
2025-02-11 06:13:04,217 - INFO - Missing Values in Fraud Data:
user_id                          0
signup_time                      0
purchase_time                    0
purchase_value                   0
device_id                        0
                                ..
country_Viet Nam                 0
country_Virgin Islands (U.S.)    0
country_Yemen                    0
country_Zambia                   0
country_Zimbabwe                 0
Length: 201, dtype: int64
2025-02-11 06:13:04,217 - INFO - Missing Values in Credit Card Data:
Time      0
V1        0
V2        0
V3        0
V4        0
V5        0
V6        0
V7        0
V8        0
V9        0
V10       0
V11       0
V12       0
V13       0
V14       0
V15       0
V16       0
V17       0
V18       0
V19       0
V20       0
V21       0
V22       0
V23       0
V24       0
V25       0
V26       0
V27       0
V28       0
Amount    0
Class     0
dtype: int64
2025-02-11 06:13:04,217 - INFO - Missing Values in IP to Country Data:
lower_bound_ip_address    0
upper_bound_ip_address    0
country                   0
dtype: int64
2025-02-11 06:13:04,868 - INFO - Checking for duplicates in Fraud Data...
2025-02-11 06:13:04,868 - INFO - No duplicates found in Fraud Data.
2025-02-11 06:13:05,965 - INFO - Checking for duplicates in Credit Card Data...
2025-02-11 06:13:07,331 - INFO - Found 1081 duplicates in Credit Card Data. Removing them.
2025-02-11 06:13:07,378 - INFO - Checking for duplicates in IP to Country Data...
2025-02-11 06:13:07,378 - INFO - No duplicates found in IP to Country Data.
2025-02-11 06:13:07,378 - INFO - Plotting target class distribution...
2025-02-11 06:13:07,394 - INFO - Fraud_Data Class Distribution Count:
class
0    136961
1     14151
Name: count, dtype: int64
2025-02-11 06:13:07,394 - INFO - Fraud_Data Class Distribution Percentage:
class
0    90.635423
1     9.364577
Name: proportion, dtype: float64
2025-02-11 06:13:07,394 - INFO - CreditCard Class Distribution Count:
Class
0    284315
1       492
Name: count, dtype: int64
2025-02-11 06:13:07,394 - INFO - CreditCard Class Distribution Percentage:
Class
0    99.827251
1     0.172749
Name: proportion, dtype: float64
2025-02-11 06:13:07,569 - INFO - 2D plot saved as plots\target_class_distribution_plot.png
2025-02-11 06:13:07,680 - INFO - Data processing completed.
2025-02-11 06:13:07,706 - INFO - Starting exploratory data analysis (EDA).
2025-02-11 06:13:07,706 - INFO - Plotting distributions for fraud_data.
2025-02-11 06:13:10,972 - ERROR - Error plotting fraud_data distributions: Could not interpret value `source` for `x`. An entry with this name does not appear in `data`.
2025-02-11 06:13:10,972 - INFO - Plotting distributions for creditcard_data.
2025-02-11 06:13:16,418 - INFO - Using categorical units to plot a list of strings that are all parsable as floats or dates. If these strings should be plotted as numbers, cast to the appropriate data type before plotting.
2025-02-11 06:13:16,608 - INFO - Using categorical units to plot a list of strings that are all parsable as floats or dates. If these strings should be plotted as numbers, cast to the appropriate data type before plotting.
2025-02-11 06:13:18,654 - INFO - Successfully plotted creditcard_data distributions.
2025-02-11 06:13:18,654 - INFO - Plotting relationships in fraud_data.
2025-02-11 06:13:19,632 - ERROR - Error plotting fraud_data relationships: Could not interpret value `source` for `x`. An entry with this name does not appear in `data`.
2025-02-11 06:13:19,632 - INFO - Performing correlation analysis.
2025-02-11 06:15:03,098 - INFO - Successfully performed correlation analysis.
2025-02-11 06:15:03,122 - INFO - Mapping IP addresses to countries.
2025-02-11 06:17:22,003 - INFO - Successfully mapped IP addresses to countries.
2025-02-11 06:17:22,003 - INFO - Saving processed data to C:\Users\fikad\Desktop\10acedamy\Fraud-Detection-Ecommerce-Banking1\Data\Fraud_Data_Merged.csv.
2025-02-11 06:17:28,967 - INFO - Data successfully saved to C:\Users\fikad\Desktop\10acedamy\Fraud-Detection-Ecommerce-Banking1\Data\Fraud_Data_Merged.csv.
2025-02-11 06:17:28,967 - INFO - Exploratory data analysis (EDA) completed.
